Watching for file changes with StatReloader
[22/Aug/2023 07:21:56] "POST /api/ HTTP/1.1" 200 123
[22/Aug/2023 07:21:56] "POST /api/ HTTP/1.1" 200 161
[22/Aug/2023 07:21:56] "POST /api/ HTTP/1.1" 200 161
[22/Aug/2023 07:21:56] "POST /api/ HTTP/1.1" 200 161
[22/Aug/2023 07:21:56] "POST /api/ HTTP/1.1" 200 256
[22/Aug/2023 07:21:56] "POST /api/ HTTP/1.1" 200 161
[22/Aug/2023 07:21:56] "POST /api/ HTTP/1.1" 200 160
[22/Aug/2023 07:21:57] "POST /api/ HTTP/1.1" 200 201
[22/Aug/2023 07:21:57] "POST /api/ HTTP/1.1" 200 161
[22/Aug/2023 07:21:57] "POST /api/ HTTP/1.1" 200 161
[22/Aug/2023 07:21:57] "POST /api/ HTTP/1.1" 200 161
[22/Aug/2023 07:21:57] "POST /api/ HTTP/1.1" 200 161
[22/Aug/2023 07:21:57] "POST /api/ HTTP/1.1" 200 161
[22/Aug/2023 07:21:57] "POST /api/ HTTP/1.1" 200 161
[22/Aug/2023 07:21:57] "POST /api/ HTTP/1.1" 200 161
[22/Aug/2023 07:21:57] "POST /api/ HTTP/1.1" 200 160
[22/Aug/2023 07:21:57] "POST /api/ HTTP/1.1" 200 161
[22/Aug/2023 07:21:57] "POST /api/ HTTP/1.1" 200 160
[22/Aug/2023 07:21:57] "POST /api/ HTTP/1.1" 200 161
[22/Aug/2023 07:21:57] "POST /api/ HTTP/1.1" 200 161
[22/Aug/2023 07:21:57] "POST /api/ HTTP/1.1" 200 161
[22/Aug/2023 07:22:04] "POST /api/ HTTP/1.1" 200 123
[22/Aug/2023 07:22:04] "POST /api/ HTTP/1.1" 200 161
[22/Aug/2023 07:22:04] "POST /api/ HTTP/1.1" 200 161
[22/Aug/2023 07:22:04] "POST /api/ HTTP/1.1" 200 177
[22/Aug/2023 07:22:04] "POST /api/ HTTP/1.1" 200 161
[22/Aug/2023 07:22:04] "POST /api/ HTTP/1.1" 200 161
[22/Aug/2023 07:22:04] "POST /api/ HTTP/1.1" 200 161
[22/Aug/2023 07:22:04] "POST /api/ HTTP/1.1" 200 160
[22/Aug/2023 07:22:04] "POST /api/ HTTP/1.1" 200 161
[22/Aug/2023 07:22:04] "POST /api/ HTTP/1.1" 200 160
[22/Aug/2023 07:22:04] "POST /api/ HTTP/1.1" 200 161
[22/Aug/2023 07:22:04] "POST /api/ HTTP/1.1" 200 161
[22/Aug/2023 07:22:04] "POST /api/ HTTP/1.1" 200 159
[22/Aug/2023 07:22:05] "POST /api/ HTTP/1.1" 200 161
[22/Aug/2023 07:22:05] "POST /api/ HTTP/1.1" 200 160
[22/Aug/2023 07:22:05] "POST /api/ HTTP/1.1" 200 161
[22/Aug/2023 07:22:05] "POST /api/ HTTP/1.1" 200 161
[22/Aug/2023 07:22:05] "POST /api/ HTTP/1.1" 200 161
[22/Aug/2023 07:22:05] "POST /api/ HTTP/1.1" 200 161
[22/Aug/2023 07:22:05] "POST /api/ HTTP/1.1" 200 161
[22/Aug/2023 07:22:05] "POST /api/ HTTP/1.1" 200 161
[22/Aug/2023 07:22:09] "POST /api/ HTTP/1.1" 200 128
[22/Aug/2023 07:22:09] "POST /api/ HTTP/1.1" 200 161
[22/Aug/2023 07:22:09] "POST /api/ HTTP/1.1" 200 161
[22/Aug/2023 07:22:09] "POST /api/ HTTP/1.1" 200 161
[22/Aug/2023 07:22:09] "POST /api/ HTTP/1.1" 200 161
[22/Aug/2023 07:22:09] "POST /api/ HTTP/1.1" 200 161
[22/Aug/2023 07:22:09] "POST /api/ HTTP/1.1" 200 161
[22/Aug/2023 07:22:10] "POST /api/ HTTP/1.1" 200 161
[22/Aug/2023 07:22:10] "POST /api/ HTTP/1.1" 200 161
[22/Aug/2023 07:22:10] "POST /api/ HTTP/1.1" 200 161
[22/Aug/2023 07:22:10] "POST /api/ HTTP/1.1" 200 161
[22/Aug/2023 07:22:10] "POST /api/ HTTP/1.1" 200 161
[22/Aug/2023 07:22:10] "POST /api/ HTTP/1.1" 200 160
[22/Aug/2023 07:22:10] "POST /api/ HTTP/1.1" 200 161
[22/Aug/2023 07:22:10] "POST /api/ HTTP/1.1" 200 161
[22/Aug/2023 07:22:10] "POST /api/ HTTP/1.1" 200 161
[22/Aug/2023 07:22:10] "POST /api/ HTTP/1.1" 200 161
[22/Aug/2023 07:22:10] "POST /api/ HTTP/1.1" 200 161
[22/Aug/2023 07:22:10] "POST /api/ HTTP/1.1" 200 161
[22/Aug/2023 07:22:10] "POST /api/ HTTP/1.1" 200 161
[22/Aug/2023 07:22:10] "POST /api/ HTTP/1.1" 200 161
[22/Aug/2023 07:22:28] "POST /api/ HTTP/1.1" 200 122
[22/Aug/2023 07:22:28] "POST /api/ HTTP/1.1" 200 178
[22/Aug/2023 07:22:28] "POST /api/ HTTP/1.1" 200 161
[22/Aug/2023 07:22:28] "POST /api/ HTTP/1.1" 200 161
[22/Aug/2023 07:22:28] "POST /api/ HTTP/1.1" 200 160
[22/Aug/2023 07:22:28] "POST /api/ HTTP/1.1" 200 160
[22/Aug/2023 07:22:28] "POST /api/ HTTP/1.1" 200 161
[22/Aug/2023 07:22:29] "POST /api/ HTTP/1.1" 200 161
[22/Aug/2023 07:22:29] "POST /api/ HTTP/1.1" 200 161
[22/Aug/2023 07:22:29] "POST /api/ HTTP/1.1" 200 161
[22/Aug/2023 07:22:29] "POST /api/ HTTP/1.1" 200 161
[22/Aug/2023 07:22:29] "POST /api/ HTTP/1.1" 200 161
[22/Aug/2023 07:22:29] "POST /api/ HTTP/1.1" 200 160
[22/Aug/2023 07:22:29] "POST /api/ HTTP/1.1" 200 160
[22/Aug/2023 07:22:29] "POST /api/ HTTP/1.1" 200 161
[22/Aug/2023 07:22:29] "POST /api/ HTTP/1.1" 200 161
[22/Aug/2023 07:22:29] "POST /api/ HTTP/1.1" 200 161
[22/Aug/2023 07:22:29] "POST /api/ HTTP/1.1" 200 159
[22/Aug/2023 07:22:29] "POST /api/ HTTP/1.1" 200 161
[22/Aug/2023 07:22:29] "POST /api/ HTTP/1.1" 200 161
[22/Aug/2023 07:22:29] "POST /api/ HTTP/1.1" 200 160
[22/Aug/2023 07:22:31] "POST /api/ HTTP/1.1" 200 125
[22/Aug/2023 07:22:31] "POST /api/ HTTP/1.1" 200 160
[22/Aug/2023 07:22:31] "POST /api/ HTTP/1.1" 200 161
[22/Aug/2023 07:22:31] "POST /api/ HTTP/1.1" 200 160
[22/Aug/2023 07:22:31] "POST /api/ HTTP/1.1" 200 161
[22/Aug/2023 07:22:31] "POST /api/ HTTP/1.1" 200 161
[22/Aug/2023 07:22:31] "POST /api/ HTTP/1.1" 200 161
[22/Aug/2023 07:22:31] "POST /api/ HTTP/1.1" 200 161
[22/Aug/2023 07:22:31] "POST /api/ HTTP/1.1" 200 161
[22/Aug/2023 07:22:31] "POST /api/ HTTP/1.1" 200 161
[22/Aug/2023 07:22:31] "POST /api/ HTTP/1.1" 200 161
[22/Aug/2023 07:22:31] "POST /api/ HTTP/1.1" 200 161
[22/Aug/2023 07:22:31] "POST /api/ HTTP/1.1" 200 161
[22/Aug/2023 07:22:31] "POST /api/ HTTP/1.1" 200 161
[22/Aug/2023 07:22:31] "POST /api/ HTTP/1.1" 200 161
[22/Aug/2023 07:22:31] "POST /api/ HTTP/1.1" 200 161
[22/Aug/2023 07:22:31] "POST /api/ HTTP/1.1" 200 160
[22/Aug/2023 07:22:31] "POST /api/ HTTP/1.1" 200 161
[22/Aug/2023 07:22:31] "POST /api/ HTTP/1.1" 200 161
[22/Aug/2023 07:22:31] "POST /api/ HTTP/1.1" 200 200
[22/Aug/2023 07:22:32] "POST /api/ HTTP/1.1" 200 161
[22/Aug/2023 07:22:33] "POST /api/ HTTP/1.1" 200 126
[22/Aug/2023 07:22:33] "POST /api/ HTTP/1.1" 200 161
[22/Aug/2023 07:22:33] "POST /api/ HTTP/1.1" 200 161
[22/Aug/2023 07:22:33] "POST /api/ HTTP/1.1" 200 178
[22/Aug/2023 07:22:33] "POST /api/ HTTP/1.1" 200 161
[22/Aug/2023 07:22:33] "POST /api/ HTTP/1.1" 200 161
[22/Aug/2023 07:22:33] "POST /api/ HTTP/1.1" 200 160
[22/Aug/2023 07:22:33] "POST /api/ HTTP/1.1" 200 201
[22/Aug/2023 07:22:33] "POST /api/ HTTP/1.1" 200 160
[22/Aug/2023 07:22:33] "POST /api/ HTTP/1.1" 200 160
[22/Aug/2023 07:22:33] "POST /api/ HTTP/1.1" 200 161
[22/Aug/2023 07:22:33] "POST /api/ HTTP/1.1" 200 161
[22/Aug/2023 07:22:33] "POST /api/ HTTP/1.1" 200 161
[22/Aug/2023 07:22:33] "POST /api/ HTTP/1.1" 200 161
[22/Aug/2023 07:22:33] "POST /api/ HTTP/1.1" 200 161
[22/Aug/2023 07:22:33] "POST /api/ HTTP/1.1" 200 161
[22/Aug/2023 07:22:33] "POST /api/ HTTP/1.1" 200 161
[22/Aug/2023 07:22:33] "POST /api/ HTTP/1.1" 200 201
[22/Aug/2023 07:22:33] "POST /api/ HTTP/1.1" 200 161
[22/Aug/2023 07:22:33] "POST /api/ HTTP/1.1" 200 161
[22/Aug/2023 07:22:33] "POST /api/ HTTP/1.1" 200 161
Not Found: /http:/120.26.195.153:1096/
[22/Aug/2023 07:46:27] "GET http://120.26.195.153:1096/ HTTP/1.1" 404 1699
[22/Aug/2023 08:20:38] "OPTIONS /api/ HTTP/1.1" 200 0
[22/Aug/2023 08:20:38] "POST /api/ HTTP/1.1" 200 122
[22/Aug/2023 08:20:38] "POST /api/ HTTP/1.1" 200 161
[22/Aug/2023 08:20:38] "POST /api/ HTTP/1.1" 200 161
[22/Aug/2023 08:20:38] "POST /api/ HTTP/1.1" 200 161
[22/Aug/2023 08:20:38] "POST /api/ HTTP/1.1" 200 160
[22/Aug/2023 08:20:38] "POST /api/ HTTP/1.1" 200 161
[22/Aug/2023 08:20:38] "POST /api/ HTTP/1.1" 200 160
[22/Aug/2023 08:20:38] "POST /api/ HTTP/1.1" 200 161
[22/Aug/2023 08:20:38] "POST /api/ HTTP/1.1" 200 160
[22/Aug/2023 08:20:38] "POST /api/ HTTP/1.1" 200 160
[22/Aug/2023 08:20:38] "POST /api/ HTTP/1.1" 200 161
[22/Aug/2023 08:20:38] "POST /api/ HTTP/1.1" 200 161
[22/Aug/2023 08:20:38] "POST /api/ HTTP/1.1" 200 161
[22/Aug/2023 08:20:38] "POST /api/ HTTP/1.1" 200 160
[22/Aug/2023 08:20:38] "POST /api/ HTTP/1.1" 200 160
[22/Aug/2023 08:20:38] "POST /api/ HTTP/1.1" 200 161
[22/Aug/2023 08:20:38] "POST /api/ HTTP/1.1" 200 161
[22/Aug/2023 08:20:38] "POST /api/ HTTP/1.1" 200 161
[22/Aug/2023 08:20:38] "POST /api/ HTTP/1.1" 200 161
[22/Aug/2023 08:20:38] "POST /api/ HTTP/1.1" 200 160
[22/Aug/2023 08:20:38] "POST /api/ HTTP/1.1" 200 161
